/net/grp_flextronics/05_Integration/TNU_HDMI/repo.git
/net/grp_flextronics/05_Integration/TNU_HDMI/omapmanifest.git
/net/grp_flextronics/05_Integration/TNU_HDMI/platform/bionic.git
/net/grp_flextronics/05_Integration/TNU_HDMI/platform/bootable/bootloader/legacy.git
/net/grp_flextronics/05_Integration/TNU_HDMI/platform/bootable/diskinstaller.git
/net/grp_flextronics/05_Integration/TNU_HDMI/platform/bootable/recovery.git
/net/grp_flextronics/05_Integration/TNU_HDMI/platform/build.git
/net/grp_flextronics/05_Integration/TNU_HDMI/platform/cts.git
/net/grp_flextronics/05_Integration/TNU_HDMI/platform/dalvik.git
/net/grp_flextronics/05_Integration/TNU_HDMI/platform/development.git
/net/grp_flextronics/05_Integration/TNU_HDMI/device/common.git
/net/grp_flextronics/05_Integration/TNU_HDMI/device/htc/common.git
/net/grp_flextronics/05_Integration/TNU_HDMI/device/htc/dream.git
/net/grp_flextronics/05_Integration/TNU_HDMI/device/htc/dream-sapphire.git
/net/grp_flextronics/05_Integration/TNU_HDMI/device/htc/passion.git
/net/grp_flextronics/05_Integration/TNU_HDMI/device/htc/passion-common.git
/net/grp_flextronics/05_Integration/TNU_HDMI/device/htc/sapphire.git
/net/grp_flextronics/05_Integration/TNU_HDMI/device/sample.git
/net/grp_flextronics/05_Integration/TNU_HDMI/device/ti/blaze.git
/net/grp_flextronics/05_Integration/TNU_HDMI/platform/vendor/ti/common-open.git
/net/grp_flextronics/05_Integration/TNU_HDMI/repo/support-tools.git
/net/grp_flextronics/05_Integration/TNU_HDMI/device/ti/zoom2.git
/net/grp_flextronics/05_Integration/TNU_HDMI/platform/external/alsa-lib.git
/net/grp_flextronics/05_Integration/TNU_HDMI/platform/external/alsa-utils.git
/net/grp_flextronics/05_Integration/TNU_HDMI/platform/external/apache-http.git
/net/grp_flextronics/05_Integration/TNU_HDMI/platform/external/astl.git
/net/grp_flextronics/05_Integration/TNU_HDMI/platform/external/bison.git
/net/grp_flextronics/05_Integration/TNU_HDMI/platform/external/blktrace.git
/net/grp_flextronics/05_Integration/TNU_HDMI/platform/external/bluetooth/bluez.git
/net/grp_flextronics/05_Integration/TNU_HDMI/platform/external/bluetooth/glib.git
/net/grp_flextronics/05_Integration/TNU_HDMI/platform/external/bluetooth/hcidump.git
/net/grp_flextronics/05_Integration/TNU_HDMI/platform/external/bsdiff.git
/net/grp_flextronics/05_Integration/TNU_HDMI/platform/external/bzip2.git
/net/grp_flextronics/05_Integration/TNU_HDMI/platform/external/clearsilver.git
/net/grp_flextronics/05_Integration/TNU_HDMI/platform/external/dbus.git
/net/grp_flextronics/05_Integration/TNU_HDMI/platform/external/dhcpcd.git
/net/grp_flextronics/05_Integration/TNU_HDMI/platform/external/dnsmasq.git
/net/grp_flextronics/05_Integration/TNU_HDMI/platform/external/dropbear.git
/net/grp_flextronics/05_Integration/TNU_HDMI/platform/external/e2fsprogs.git
/net/grp_flextronics/05_Integration/TNU_HDMI/platform/external/easymock.git
/net/grp_flextronics/05_Integration/TNU_HDMI/platform/external/elfcopy.git
/net/grp_flextronics/05_Integration/TNU_HDMI/platform/external/elfutils.git
/net/grp_flextronics/05_Integration/TNU_HDMI/platform/external/embunit.git
/net/grp_flextronics/05_Integration/TNU_HDMI/platform/external/emma.git
/net/grp_flextronics/05_Integration/TNU_HDMI/platform/external/esd.git
/net/grp_flextronics/05_Integration/TNU_HDMI/platform/external/expat.git
/net/grp_flextronics/05_Integration/TNU_HDMI/platform/external/fdlibm.git
/net/grp_flextronics/05_Integration/TNU_HDMI/platform/external/freetype.git
/net/grp_flextronics/05_Integration/TNU_HDMI/platform/external/fsck_msdos.git
/net/grp_flextronics/05_Integration/TNU_HDMI/platform/external/genext2fs.git
/net/grp_flextronics/05_Integration/TNU_HDMI/platform/external/giflib.git
/net/grp_flextronics/05_Integration/TNU_HDMI/platform/external/grub.git
/net/grp_flextronics/05_Integration/TNU_HDMI/platform/external/gtest.git
/net/grp_flextronics/05_Integration/TNU_HDMI/platform/external/guava.git
/net/grp_flextronics/05_Integration/TNU_HDMI/platform/external/hostapd.git
/net/grp_flextronics/05_Integration/TNU_HDMI/platform/external/icu4c.git
/net/grp_flextronics/05_Integration/TNU_HDMI/platform/external/iproute2.git
/net/grp_flextronics/05_Integration/TNU_HDMI/platform/external/ipsec-tools.git
/net/grp_flextronics/05_Integration/TNU_HDMI/platform/external/iptables.git
/net/grp_flextronics/05_Integration/TNU_HDMI/platform/external/jdiff.git
/net/grp_flextronics/05_Integration/TNU_HDMI/platform/external/jhead.git
/net/grp_flextronics/05_Integration/TNU_HDMI/platform/external/jpeg.git
/net/grp_flextronics/05_Integration/TNU_HDMI/platform/external/jsr305.git
/net/grp_flextronics/05_Integration/TNU_HDMI/platform/external/junit.git
/net/grp_flextronics/05_Integration/TNU_HDMI/platform/external/kernel-headers.git
/net/grp_flextronics/05_Integration/TNU_HDMI/platform/external/libexif.git
/net/grp_flextronics/05_Integration/TNU_HDMI/platform/external/libffi.git
/net/grp_flextronics/05_Integration/TNU_HDMI/platform/external/libpcap.git
/net/grp_flextronics/05_Integration/TNU_HDMI/platform/external/libpng.git
/net/grp_flextronics/05_Integration/TNU_HDMI/platform/external/libxml2.git
/net/grp_flextronics/05_Integration/TNU_HDMI/platform/external/mtpd.git
/net/grp_flextronics/05_Integration/TNU_HDMI/platform/external/netcat.git
/net/grp_flextronics/05_Integration/TNU_HDMI/platform/external/netperf.git
/net/grp_flextronics/05_Integration/TNU_HDMI/platform/external/neven.git
/net/grp_flextronics/05_Integration/TNU_HDMI/platform/external/opencore.git
/net/grp_flextronics/05_Integration/TNU_HDMI/platform/external/openssl.git
/net/grp_flextronics/05_Integration/TNU_HDMI/platform/external/oprofile.git
/net/grp_flextronics/05_Integration/TNU_HDMI/platform/external/ping.git
/net/grp_flextronics/05_Integration/TNU_HDMI/platform/external/ppp.git
/net/grp_flextronics/05_Integration/TNU_HDMI/platform/external/proguard.git
/net/grp_flextronics/05_Integration/TNU_HDMI/platform/external/qemu.git
/net/grp_flextronics/05_Integration/TNU_HDMI/platform/external/quake.git
/net/grp_flextronics/05_Integration/TNU_HDMI/platform/external/safe-iop.git
/net/grp_flextronics/05_Integration/TNU_HDMI/platform/external/skia.git
/net/grp_flextronics/05_Integration/TNU_HDMI/platform/external/sonivox.git
/net/grp_flextronics/05_Integration/TNU_HDMI/platform/external/speex.git
/net/grp_flextronics/05_Integration/TNU_HDMI/platform/external/sqlite.git
/net/grp_flextronics/05_Integration/TNU_HDMI/platform/external/srec.git
/net/grp_flextronics/05_Integration/TNU_HDMI/platform/external/stlport.git
/net/grp_flextronics/05_Integration/TNU_HDMI/platform/external/strace.git
/net/grp_flextronics/05_Integration/TNU_HDMI/platform/external/svox.git
/net/grp_flextronics/05_Integration/TNU_HDMI/platform/external/tagsoup.git
/net/grp_flextronics/05_Integration/TNU_HDMI/platform/external/tcpdump.git
/net/grp_flextronics/05_Integration/TNU_HDMI/platform/external/tinyxml.git
/net/grp_flextronics/05_Integration/TNU_HDMI/platform/external/tremolo.git
/net/grp_flextronics/05_Integration/TNU_HDMI/platform/external/v8.git
/net/grp_flextronics/05_Integration/TNU_HDMI/platform/external/webkit.git
/net/grp_flextronics/05_Integration/TNU_HDMI/platform/external/wpa_supplicant.git
/net/grp_flextronics/05_Integration/TNU_HDMI/platform/external/wpa_supplicant_6.git
/net/grp_flextronics/05_Integration/TNU_HDMI/platform/external/xmlwriter.git
/net/grp_flextronics/05_Integration/TNU_HDMI/platform/external/yaffs2.git
/net/grp_flextronics/05_Integration/TNU_HDMI/platform/external/zlib.git
/net/grp_flextronics/05_Integration/TNU_HDMI/platform/frameworks/base.git
/net/grp_flextronics/05_Integration/TNU_HDMI/platform/frameworks/ex.git
/net/grp_flextronics/05_Integration/TNU_HDMI/platform/frameworks/opt/emoji.git
/net/grp_flextronics/05_Integration/TNU_HDMI/platform/frameworks/policies/base.git
/net/grp_flextronics/05_Integration/TNU_HDMI/platform/hardware/alsa_sound.git
/net/grp_flextronics/05_Integration/TNU_HDMI/platform/hardware/broadcom/wlan.git
/net/grp_flextronics/05_Integration/TNU_HDMI/platform/hardware/libhardware.git
/net/grp_flextronics/05_Integration/TNU_HDMI/platform/hardware/libhardware_legacy.git
/net/grp_flextronics/05_Integration/TNU_HDMI/platform/hardware/msm7k.git
/net/grp_flextronics/05_Integration/TNU_HDMI/platform/hardware/qcom/gps.git
/net/grp_flextronics/05_Integration/TNU_HDMI/platform/hardware/ril.git
/net/grp_flextronics/05_Integration/TNU_HDMI/platform/hardware/ti/omap3.git
/net/grp_flextronics/05_Integration/TNU_HDMI/platform/hardware/ti/omx.git
/net/grp_flextronics/05_Integration/TNU_HDMI/platform/hardware/ti/syslink.git
/net/grp_flextronics/05_Integration/TNU_HDMI/platform/hardware/ti/tiler.git
/net/grp_flextronics/05_Integration/TNU_HDMI/platform/hardware/ti/wlan.git
/net/grp_flextronics/05_Integration/TNU_HDMI/kernel/omap.git
/net/grp_flextronics/05_Integration/TNU_HDMI/platform/ndk.git
/net/grp_flextronics/05_Integration/TNU_HDMI/platform/packages/apps/AccountsAndSyncSettings.git
/net/grp_flextronics/05_Integration/TNU_HDMI/platform/packages/apps/AlarmClock.git
/net/grp_flextronics/05_Integration/TNU_HDMI/platform/packages/apps/Bluetooth.git
/net/grp_flextronics/05_Integration/TNU_HDMI/platform/packages/apps/Browser.git
/net/grp_flextronics/05_Integration/TNU_HDMI/platform/packages/apps/Calculator.git
/net/grp_flextronics/05_Integration/TNU_HDMI/platform/packages/apps/Calendar.git
/net/grp_flextronics/05_Integration/TNU_HDMI/platform/packages/apps/Camera.git
/net/grp_flextronics/05_Integration/TNU_HDMI/platform/packages/apps/CertInstaller.git
/net/grp_flextronics/05_Integration/TNU_HDMI/platform/packages/apps/Contacts.git
/net/grp_flextronics/05_Integration/TNU_HDMI/platform/packages/apps/DeskClock.git
/net/grp_flextronics/05_Integration/TNU_HDMI/platform/packages/apps/Email.git
/net/grp_flextronics/05_Integration/TNU_HDMI/platform/packages/apps/Gallery.git
/net/grp_flextronics/05_Integration/TNU_HDMI/platform/packages/apps/Gallery3D.git
/net/grp_flextronics/05_Integration/TNU_HDMI/platform/packages/apps/HTMLViewer.git
/net/grp_flextronics/05_Integration/TNU_HDMI/platform/packages/apps/IM.git
/net/grp_flextronics/05_Integration/TNU_HDMI/platform/packages/apps/Launcher2.git
/net/grp_flextronics/05_Integration/TNU_HDMI/platform/packages/apps/Mms.git
/net/grp_flextronics/05_Integration/TNU_HDMI/platform/packages/apps/Music.git
/net/grp_flextronics/05_Integration/TNU_HDMI/platform/packages/apps/OMAPCamera.git
/net/grp_flextronics/05_Integration/TNU_HDMI/platform/packages/apps/PackageInstaller.git
/net/grp_flextronics/05_Integration/TNU_HDMI/platform/packages/apps/Phone.git
/net/grp_flextronics/05_Integration/TNU_HDMI/platform/packages/apps/Protips.git
/net/grp_flextronics/05_Integration/TNU_HDMI/platform/packages/apps/Provision.git
/net/grp_flextronics/05_Integration/TNU_HDMI/platform/packages/apps/QuickSearchBox.git
/net/grp_flextronics/05_Integration/TNU_HDMI/platform/packages/apps/Settings.git
/net/grp_flextronics/05_Integration/TNU_HDMI/platform/packages/apps/SoundRecorder.git
/net/grp_flextronics/05_Integration/TNU_HDMI/platform/packages/apps/SpeechRecorder.git
/net/grp_flextronics/05_Integration/TNU_HDMI/platform/packages/apps/Stk.git
/net/grp_flextronics/05_Integration/TNU_HDMI/platform/packages/apps/VoiceDialer.git
/net/grp_flextronics/05_Integration/TNU_HDMI/platform/packages/experimental.git
/net/grp_flextronics/05_Integration/TNU_HDMI/platform/packages/inputmethods/LatinIME.git
/net/grp_flextronics/05_Integration/TNU_HDMI/platform/packages/inputmethods/OpenWnn.git
/net/grp_flextronics/05_Integration/TNU_HDMI/platform/packages/inputmethods/PinyinIME.git
/net/grp_flextronics/05_Integration/TNU_HDMI/platform/packages/providers/ApplicationsProvider.git
/net/grp_flextronics/05_Integration/TNU_HDMI/platform/packages/providers/CalendarProvider.git
/net/grp_flextronics/05_Integration/TNU_HDMI/platform/packages/providers/ContactsProvider.git
/net/grp_flextronics/05_Integration/TNU_HDMI/platform/packages/providers/DownloadProvider.git
/net/grp_flextronics/05_Integration/TNU_HDMI/platform/packages/providers/DrmProvider.git
/net/grp_flextronics/05_Integration/TNU_HDMI/platform/packages/providers/GoogleContactsProvider.git
/net/grp_flextronics/05_Integration/TNU_HDMI/platform/packages/providers/MediaProvider.git
/net/grp_flextronics/05_Integration/TNU_HDMI/platform/packages/providers/TelephonyProvider.git
/net/grp_flextronics/05_Integration/TNU_HDMI/platform/packages/providers/UserDictionaryProvider.git
/net/grp_flextronics/05_Integration/TNU_HDMI/platform/packages/wallpapers/Basic.git
/net/grp_flextronics/05_Integration/TNU_HDMI/platform/packages/wallpapers/LivePicker.git
/net/grp_flextronics/05_Integration/TNU_HDMI/platform/packages/wallpapers/MagicSmoke.git
/net/grp_flextronics/05_Integration/TNU_HDMI/platform/packages/wallpapers/MusicVisualization.git
/net/grp_flextronics/05_Integration/TNU_HDMI/platform/prebuilt.git
/net/grp_flextronics/05_Integration/TNU_HDMI/repo/u-boot.git
/net/grp_flextronics/05_Integration/TNU_HDMI/repo/x-loader.git
/net/grp_flextronics/05_Integration/TNU_HDMI/platform/sdk.git
/net/grp_flextronics/05_Integration/TNU_HDMI/platform/system/bluetooth.git
/net/grp_flextronics/05_Integration/TNU_HDMI/platform/system/core.git
/net/grp_flextronics/05_Integration/TNU_HDMI/platform/system/extras.git
/net/grp_flextronics/05_Integration/TNU_HDMI/platform/system/netd.git
/net/grp_flextronics/05_Integration/TNU_HDMI/platform/system/vold.git
/net/grp_flextronics/05_Integration/TNU_HDMI/platform/system/wlan/ti.git
